{"total": {"lines":{"total":3110,"covered":1158,"skipped":0,"pct":37.23},"statements":{"total":3110,"covered":1158,"skipped":0,"pct":37.23},"functions":{"total":37,"covered":26,"skipped":0,"pct":70.27},"branches":{"total":150,"covered":125,"skipped":0,"pct":83.33},"branchesTrue":{"total":0,"covered":0,"skipped":0,"pct":100}}
,"/Users/mac/Downloads/drips/drips-wave4/careguard/server.ts": {"lines":{"total":353,"covered":0,"skipped":0,"pct":0},"functions":{"total":1,"covered":0,"skipped":0,"pct":0},"statements":{"total":353,"covered":0,"skipped":0,"pct":0},"branches":{"total":1,"covered":0,"skipped":0,"pct":0}}
,"/Users/mac/Downloads/drips/drips-wave4/careguard/agent/server.ts": {"lines":{"total":181,"covered":0,"skipped":0,"pct":0},"functions":{"total":1,"covered":0,"skipped":0,"pct":0},"statements":{"total":181,"covered":0,"skipped":0,"pct":0},"branches":{"total":1,"covered":0,"skipped":0,"pct":0}}
,"/Users/mac/Downloads/drips/drips-wave4/careguard/agent/tools.ts": {"lines":{"total":435,"covered":0,"skipped":0,"pct":0},"functions":{"total":1,"covered":0,"skipped":0,"pct":0},"statements":{"total":435,"covered":0,"skipped":0,"pct":0},"branches":{"total":1,"covered":0,"skipped":0,"pct":0}}
,"/Users/mac/Downloads/drips/drips-wave4/careguard/dashboard/next.config.ts": {"lines":{"total":3,"covered":0,"skipped":0,"pct":0},"functions":{"total":1,"covered":1,"skipped":0,"pct":100},"statements":{"total":3,"covered":0,"skipped":0,"pct":0},"branches":{"total":1,"covered":1,"skipped":0,"pct":100}}
,"/Users/mac/Downloads/drips/drips-wave4/careguard/dashboard/postcss.config.mjs": {"lines":{"total":7,"covered":0,"skipped":0,"pct":0},"functions":{"total":1,"covered":0,"skipped":0,"pct":0},"statements":{"total":7,"covered":0,"skipped":0,"pct":0},"branches":{"total":1,"covered":0,"skipped":0,"pct":0}}
,"/Users/mac/Downloads/drips/drips-wave4/careguard/dashboard/src/app/layout.tsx": {"lines":{"total":27,"covered":0,"skipped":0,"pct":0},"functions":{"total":1,"covered":0,"skipped":0,"pct":0},"statements":{"total":27,"covered":0,"skipped":0,"pct":0},"branches":{"total":1,"covered":0,"skipped":0,"pct":0}}
,"/Users/mac/Downloads/drips/drips-wave4/careguard/dashboard/src/app/page.tsx": {"lines":{"total":500,"covered":0,"skipped":0,"pct":0},"functions":{"total":1,"covered":0,"skipped":0,"pct":0},"statements":{"total":500,"covered":0,"skipped":0,"pct":0},"branches":{"total":1,"covered":0,"skipped":0,"pct":0}}
,"/Users/mac/Downloads/drips/drips-wave4/careguard/dashboard/src/app/pdf.ts": {"lines":{"total":173,"covered":0,"skipped":0,"pct":0},"functions":{"total":1,"covered":0,"skipped":0,"pct":0},"statements":{"total":173,"covered":0,"skipped":0,"pct":0},"branches":{"total":1,"covered":0,"skipped":0,"pct":0}}
,"/Users/mac/Downloads/drips/drips-wave4/careguard/scripts/dev.ts": {"lines":{"total":44,"covered":0,"skipped":0,"pct":0},"functions":{"total":1,"covered":0,"skipped":0,"pct":0},"statements":{"total":44,"covered":0,"skipped":0,"pct":0},"branches":{"total":1,"covered":0,"skipped":0,"pct":0}}
,"/Users/mac/Downloads/drips/drips-wave4/careguard/scripts/setup-wallets.ts": {"lines":{"total":85,"covered":83,"skipped":0,"pct":97.64},"functions":{"total":4,"covered":4,"skipped":0,"pct":100},"statements":{"total":85,"covered":83,"skipped":0,"pct":97.64},"branches":{"total":18,"covered":17,"skipped":0,"pct":94.44}}
,"/Users/mac/Downloads/drips/drips-wave4/careguard/scripts/test-pricing-providers.ts": {"lines":{"total":62,"covered":0,"skipped":0,"pct":0},"functions":{"total":1,"covered":0,"skipped":0,"pct":0},"statements":{"total":62,"covered":0,"skipped":0,"pct":0},"branches":{"total":1,"covered":0,"skipped":0,"pct":0}}
,"/Users/mac/Downloads/drips/drips-wave4/careguard/services/bill-audit-api/server.ts": {"lines":{"total":123,"covered":121,"skipped":0,"pct":98.37},"functions":{"total":1,"covered":1,"skipped":0,"pct":100},"statements":{"total":123,"covered":121,"skipped":0,"pct":98.37},"branches":{"total":27,"covered":23,"skipped":0,"pct":85.18}}
,"/Users/mac/Downloads/drips/drips-wave4/careguard/services/drug-interaction-api/server.ts": {"lines":{"total":65,"covered":65,"skipped":0,"pct":100},"functions":{"total":1,"covered":1,"skipped":0,"pct":100},"statements":{"total":65,"covered":65,"skipped":0,"pct":100},"branches":{"total":32,"covered":28,"skipped":0,"pct":87.5}}
,"/Users/mac/Downloads/drips/drips-wave4/careguard/services/pharmacy-api/server.ts": {"lines":{"total":78,"covered":78,"skipped":0,"pct":100},"functions":{"total":0,"covered":0,"skipped":0,"pct":100},"statements":{"total":78,"covered":78,"skipped":0,"pct":100},"branches":{"total":15,"covered":12,"skipped":0,"pct":80}}
,"/Users/mac/Downloads/drips/drips-wave4/careguard/services/pharmacy-payment/server.ts": {"lines":{"total":112,"covered":0,"skipped":0,"pct":0},"functions":{"total":1,"covered":0,"skipped":0,"pct":0},"statements":{"total":112,"covered":0,"skipped":0,"pct":0},"branches":{"total":1,"covered":0,"skipped":0,"pct":0}}
,"/Users/mac/Downloads/drips/drips-wave4/careguard/shared/pricing-sources.ts": {"lines":{"total":816,"covered":811,"skipped":0,"pct":99.38},"functions":{"total":18,"covered":18,"skipped":0,"pct":100},"statements":{"total":816,"covered":811,"skipped":0,"pct":99.38},"branches":{"total":45,"covered":43,"skipped":0,"pct":95.55}}
,"/Users/mac/Downloads/drips/drips-wave4/careguard/shared/types.ts": {"lines":{"total":0,"covered":0,"skipped":0,"pct":100},"functions":{"total":1,"covered":1,"skipped":0,"pct":100},"statements":{"total":0,"covered":0,"skipped":0,"pct":100},"branches":{"total":1,"covered":1,"skipped":0,"pct":100}}
,"/Users/mac/Downloads/drips/drips-wave4/careguard/shared/x402-middleware.ts": {"lines":{"total":46,"covered":0,"skipped":0,"pct":0},"functions":{"total":1,"covered":0,"skipped":0,"pct":0},"statements":{"total":46,"covered":0,"skipped":0,"pct":0},"branches":{"total":1,"covered":0,"skipped":0,"pct":0}}
}
